2024-07-06 16:12:44,867 - pyswarms.single.global_best - INFO - Optimize for 200 iters with {'c1': 0.5, 'c2': 0.3, 'w': 0.9}
2024-07-06 16:16:12,535 - pyswarms.single.global_best - INFO - Optimize for 200 iters with {'c1': 0.5, 'c2': 0.3, 'w': 0.9}
2024-07-06 16:16:12,693 - pyswarms.single.global_best - INFO - Optimization finished | best cost: 1.2691404768797405e-10, best pos: [0.15948628 6.06184056]
2024-07-06 16:30:45,875 - pyswarms.single.global_best - INFO - Optimize for 200 iters with {'c1': 0.5, 'c2': 0.3, 'w': 0.9}
2024-07-06 16:30:46,007 - pyswarms.single.global_best - INFO - Optimization finished | best cost: 3.4204705369105043e-12, best pos: [1.68826557 1.82463813]
2024-07-06 23:28:55,329 - pyswarms.single.global_best - INFO - Optimize for 200000 iters with {'c1': 2, 'c2': 2, 'w': 0.9}
2024-07-06 23:29:26,639 - pyswarms.single.global_best - INFO - Optimize for 200000 iters with {'c1': 2, 'c2': 2, 'w': 0.9}
2024-07-07 12:17:28,579 - pyswarms.single.global_best - INFO - Optimize for 200000 iters with {'c1': 2, 'c2': 2, 'w': 0.9}
2024-07-07 12:22:30,989 - pyswarms.single.global_best - INFO - Optimize for 200000 iters with {'c1': 2, 'c2': 2, 'w': 0.9}
2024-07-07 12:55:50,203 - pyswarms.single.global_best - INFO - Optimize for 200000 iters with {'c1': 2, 'c2': 2, 'w': 0.9}
2024-07-07 13:19:35,910 - pyswarms.single.global_best - INFO - Optimize for 200000 iters with {'c1': 2, 'c2': 2, 'w': 0.9}
2024-07-07 13:42:44,914 - pyswarms.single.global_best - INFO - Optimize for 200000 iters with {'c1': 2, 'c2': 2, 'w': 0.9}
2024-07-07 14:05:21,983 - pyswarms.single.global_best - INFO - Optimize for 200000 iters with {'c1': 2, 'c2': 2, 'w': 0.9}
2024-07-07 14:05:58,124 - pyswarms.single.global_best - INFO - Optimize for 200000 iters with {'c1': 2, 'c2': 2, 'w': 0.9}
2024-07-07 14:08:21,801 - pyswarms.single.global_best - INFO - Optimize for 200000 iters with {'c1': 2, 'c2': 2, 'w': 0.9}
2024-07-07 14:11:48,570 - pyswarms.single.global_best - INFO - Optimize for 200000 iters with {'c1': 2, 'c2': 2, 'w': 0.9}
2024-07-07 14:58:56,411 - pyswarms.single.global_best - INFO - Optimize for 100 iters with {'c1': 0.5, 'c2': 0.3, 'w': 0.9}
2024-07-07 14:58:56,532 - pyswarms.single.global_best - INFO - Optimization finished | best cost: 0.00026751582657661213, best pos: [0.98432413 0.96842727]
2024-07-07 15:34:24,015 - pyswarms.single.global_best - INFO - Optimize for 200000 iters with {'c1': 2, 'c2': 2, 'w': 0.9}
2024-07-07 15:35:15,673 - pyswarms.single.global_best - INFO - Optimize for 200000 iters with {'c1': 2, 'c2': 2, 'w': 0.9}
2024-07-09 14:13:13,449 - pyswarms.single.global_best - INFO - Optimize for 100 iters with {'c1': 0.5, 'c2': 0.3, 'w': 0.9}
2024-07-09 14:13:13,543 - pyswarms.single.global_best - INFO - Optimization finished | best cost: 0.0017846642934729793, best pos: [1.04224426 1.08630254]
2024-07-09 14:20:46,771 - pyswarms.single.global_best - INFO - Optimize for 2000 iters with {'c1': 2, 'c2': 2, 'w': 0.9}
2024-07-09 14:21:04,749 - pyswarms.single.global_best - INFO - Optimize for 2000 iters with {'c1': 2, 'c2': 2, 'w': 0.9}
2024-07-09 14:21:23,279 - pyswarms.single.global_best - INFO - Optimize for 2000 iters with {'c1': 2, 'c2': 2, 'w': 0.9}
2024-07-09 14:21:43,840 - pyswarms.single.global_best - INFO - Optimize for 2000 iters with {'c1': 2, 'c2': 2, 'w': 0.9}
2024-07-09 14:25:24,815 - pyswarms.single.global_best - INFO - Optimize for 2000 iters with {'c1': 2, 'c2': 2, 'w': 0.9}
2024-07-09 14:32:02,659 - pyswarms.single.global_best - INFO - Optimize for 2000 iters with {'c1': 2, 'c2': 2, 'w': 0.9}
2024-07-09 15:01:11,689 - pyswarms.single.global_best - INFO - Optimize for 2000 iters with {'c1': 2, 'c2': 2, 'w': 0.9}
2024-07-09 15:02:42,959 - pyswarms.single.global_best - INFO - Optimize for 2000 iters with {'c1': 2, 'c2': 2, 'w': 0.9}
2024-07-09 15:04:08,322 - pyswarms.single.global_best - INFO - Optimize for 2000 iters with {'c1': 2, 'c2': 2, 'w': 0.9}
2024-07-09 15:05:38,227 - pyswarms.single.global_best - INFO - Optimize for 2000 iters with {'c1': 2, 'c2': 2, 'w': 0.9}
2024-07-09 15:06:33,631 - pyswarms.single.global_best - INFO - Optimize for 2000 iters with {'c1': 2, 'c2': 2, 'w': 0.9}
2024-07-09 15:06:57,104 - pyswarms.single.global_best - INFO - Optimize for 2000 iters with {'c1': 2, 'c2': 2, 'w': 0.9}
2024-07-09 15:08:13,578 - pyswarms.single.global_best - INFO - Optimize for 2000 iters with {'c1': 2, 'c2': 2, 'w': 0.9}
2024-07-09 15:10:33,194 - pyswarms.single.global_best - INFO - Optimize for 2000 iters with {'c1': 2, 'c2': 2, 'w': 0.9}
2024-07-09 15:10:47,668 - pyswarms.single.global_best - INFO - Optimization finished | best cost: 0.3485785833938371, best pos: [2.38444538e-01 5.26644421e-01 4.94398661e+00 1.45951847e+01
 2.99218884e+00 4.56511723e-01 2.16463095e-01 3.58455095e-01
 4.99153171e+00 6.24137011e+00 1.46226022e+00 1.46868566e-02
 4.47797468e-02 2.26424968e-01 9.15555168e+00 5.14317199e+00
 9.17692076e-01 4.61509461e-02 7.06085798e-02 1.71785384e-01
 2.64504706e+00 7.40873647e+00 2.43346505e-01 5.08457533e-02
 9.15152512e-04 1.40120686e+03 4.14388834e+01 9.28545063e-04
 1.56825681e+02 1.37912692e+02 1.24576642e+00 7.42745781e+00
 1.23370010e+00 5.87940846e+00]
2024-07-09 15:36:19,279 - pyswarms.single.global_best - INFO - Optimize for 20000 iters with {'c1': 0.5, 'c2': 0.3, 'w': 0.6}
2024-07-09 15:36:49,161 - pyswarms.single.global_best - INFO - Optimization finished | best cost: 0.36326164386629883, best pos: [2.34214907e-01 3.22045208e-01 5.80802429e+00 1.10059699e+01
 3.56276145e+00 3.81037442e-01 2.81129765e-01 4.05254665e-01
 5.88917712e+00 9.85209484e+00 1.53735888e+00 5.45808547e-02
 4.28195178e-02 2.14864664e-01 7.50718696e+00 1.10581825e+01
 4.62573145e-01 8.46610627e-02 1.19071165e-01 1.83859319e-01
 6.98317515e+00 1.08647238e+01 5.32685102e-01 5.43691185e-02
 6.73237294e-04 1.53197872e+03 7.99592804e+01 1.51541472e-03
 1.43225505e+02 7.81035185e+01 3.06734517e+00 5.01261853e+00
 3.04826973e+00 5.98583601e+00]
2024-07-10 15:35:27,620 - pyswarms.backend.generators - ERROR - Bounds and/or init_pos should be of size (34,)
Traceback (most recent call last):
  File "/home/shiting/.local/lib/python3.10/site-packages/pyswarms/backend/generators.py", line 81, in generate_swarm
    pos = center * np.random.uniform(
  File "mtrand.pyx", line 1134, in numpy.random.mtrand.RandomState.uniform
  File "_common.pyx", line 600, in numpy.random._common.cont
  File "_common.pyx", line 517, in numpy.random._common.cont_broadcast_2
  File "__init__.pxd", line 741, in numpy.PyArray_MultiIterNew3
ValueError: shape mismatch: objects cannot be broadcast to a single shape.  Mismatch is between arg 0 with shape (50, 34) and arg 1 with shape (50, 7).
2024-07-10 15:35:42,887 - pyswarms.single.global_best - INFO - Optimize for 20000 iters with {'c1': 0.5, 'c2': 0.3, 'w': 0.6}
2024-07-10 15:37:37,253 - pyswarms.single.global_best - INFO - Optimize for 2000 iters with {'c1': 0.5, 'c2': 0.3, 'w': 0.6}
2024-07-10 15:38:15,505 - pyswarms.single.global_best - INFO - Optimize for 2000 iters with {'c1': 0.5, 'c2': 0.3, 'w': 0.6}
2024-07-10 15:38:25,541 - pyswarms.single.global_best - INFO - Optimization finished | best cost: 0.3522369468433025, best pos: [1.00394503e-01 5.35717334e-01 2.10561579e+00 1.85241066e+01
 1.27901728e-03 5.15872231e+01 1.16571694e+02]
2024-07-10 15:57:35,842 - pyswarms.single.global_best - INFO - Optimize for 2000 iters with {'c1': 0.5, 'c2': 0.3, 'w': 0.9}
2024-07-10 15:57:49,026 - pyswarms.single.global_best - INFO - Optimization finished | best cost: 0.35641357219224806, best pos: [1.30149614e-01 4.62600010e-01 3.94156588e+00 1.35400450e+01
 9.88140514e-04 7.11198370e+01 9.38910901e+01]
2024-07-10 16:00:10,157 - pyswarms.single.global_best - INFO - Optimize for 20 iters with {'c1': 0.5, 'c2': 0.3, 'w': 0.9}
2024-07-10 16:02:25,071 - pyswarms.single.global_best - INFO - Optimization finished | best cost: 0.35351211609913813, best pos: [2.10927453e-01 4.63011473e-01 5.46271775e+00 1.48562659e+01
 1.09670524e-03 5.12014199e+01 1.55372038e+02]
2024-07-10 16:14:27,131 - pyswarms.single.global_best - INFO - Optimize for 20 iters with {'c1': 0.5, 'c2': 0.3, 'w': 0.9}
2024-07-10 16:14:58,245 - asyncio - ERROR - Task was destroyed but it is pending!
task: <Task pending name='Task-1' coro=<Kernel.poll_control_queue() running at /usr/local/lib/python3.10/dist-packages/ipykernel/kernelbase.py:279> wait_for=<Future finished result=<Future at 0x...state=pending>> cb=[_chain_future.<locals>._call_set_state() at /usr/lib/python3.10/asyncio/futures.py:392]>
2024-07-10 16:15:03,114 - pyswarms.single.global_best - INFO - Optimize for 20 iters with {'c1': 0.5, 'c2': 0.3, 'w': 0.9}
2024-07-10 16:15:16,354 - pyswarms.single.global_best - INFO - Optimization finished | best cost: 0.35415450859013664, best pos: [1.14866518e-01 4.51911679e-01 2.64282631e+00 1.59548573e+01
 1.62084478e-03 7.02768838e+01 1.15167616e+02]
2024-07-10 16:15:39,597 - pyswarms.single.global_best - INFO - Optimize for 20 iters with {'c1': 0.5, 'c2': 0.3, 'w': 0.9}
2024-07-10 16:15:48,401 - pyswarms.single.global_best - INFO - Optimization finished | best cost: 0.3559598881415698, best pos: [2.15250374e-01 4.92100260e-01 3.99650837e+00 1.67984934e+01
 7.31330898e-04 7.29608854e+01 8.43566232e+01]
2024-07-10 16:38:56,624 - pyswarms.single.global_best - INFO - Optimize for 20 iters with {'c1': 0.5, 'c2': 0.3, 'w': 0.9}
2024-07-10 16:39:05,107 - pyswarms.single.global_best - INFO - Optimization finished | best cost: 0.36779235687118833, best pos: [1.40438720e-03 5.23606850e+01 1.54241816e+02]
2024-07-10 22:02:54,185 - pyswarms.single.global_best - INFO - Optimize for 20 iters with {'c1': 0.5, 'c2': 0.3, 'w': 0.9}
2024-07-10 22:03:15,577 - pyswarms.single.global_best - INFO - Optimize for 20 iters with {'c1': 0.5, 'c2': 0.3, 'w': 0.9}
2024-07-10 22:04:24,226 - pyswarms.single.global_best - INFO - Optimize for 20 iters with {'c1': 0.5, 'c2': 0.3, 'w': 0.9}
2024-07-10 22:04:57,159 - pyswarms.single.global_best - INFO - Optimize for 20 iters with {'c1': 0.5, 'c2': 0.3, 'w': 0.9}
2024-07-10 22:05:24,801 - pyswarms.single.global_best - INFO - Optimize for 20 iters with {'c1': 0.5, 'c2': 0.3, 'w': 0.9}
2024-07-10 22:05:38,059 - pyswarms.single.global_best - INFO - Optimize for 20 iters with {'c1': 0.5, 'c2': 0.3, 'w': 0.9}
2024-07-10 22:06:01,521 - pyswarms.single.global_best - INFO - Optimize for 20 iters with {'c1': 0.5, 'c2': 0.3, 'w': 0.9}
2024-07-10 22:06:28,362 - pyswarms.single.global_best - INFO - Optimize for 20 iters with {'c1': 0.5, 'c2': 0.3, 'w': 0.9}
2024-07-10 22:06:54,355 - pyswarms.single.global_best - INFO - Optimize for 20 iters with {'c1': 0.5, 'c2': 0.3, 'w': 0.9}
2024-07-10 22:07:03,296 - pyswarms.single.global_best - INFO - Optimization finished | best cost: 0.36262238561257887, best pos: [1.34989272e-01 2.97262265e-01 2.11988450e+00 1.63558032e+01
 1.97734848e-03 6.79237785e+01 5.52333980e+01]
2024-07-10 22:40:28,220 - pyswarms.single.global_best - INFO - Optimize for 20 iters with {'c1': 0.5, 'c2': 0.3, 'w': 0.9}
2024-07-10 22:40:37,118 - pyswarms.single.global_best - INFO - Optimization finished | best cost: 0.7813926352616275, best pos: [3.19159182e-01 3.39970365e-01 4.84587763e+00 4.56945102e+00
 6.65344050e+00 3.41318052e-02 8.32429436e-04 6.44799700e+01
 2.06876655e+02]
2024-07-17 13:01:24,371 - pyswarms.single.global_best - INFO - Optimize for 2000 iters with {'c1': 2, 'c2': 2, 'w': 0.9}
2024-07-17 13:03:26,566 - pyswarms.single.global_best - INFO - Optimize for 2000 iters with {'c1': 2, 'c2': 2, 'w': 0.9}
2024-07-17 13:04:25,141 - pyswarms.single.global_best - INFO - Optimize for 2000 iters with {'c1': 2, 'c2': 2, 'w': 0.9}
2024-07-17 13:05:23,580 - pyswarms.single.global_best - INFO - Optimize for 2000 iters with {'c1': 2, 'c2': 2, 'w': 0.9}
2024-07-17 13:05:50,233 - pyswarms.single.global_best - INFO - Optimize for 2000 iters with {'c1': 2, 'c2': 2, 'w': 0.9}
2024-07-17 13:06:03,146 - pyswarms.single.global_best - INFO - Optimization finished | best cost: 78.98084472167147, best pos: [3.84022139e-01 7.53472198e-01 2.01436854e+00 6.27166418e+00
 7.02013053e+00 2.45155415e-01 2.43360638e-01 2.87999526e-01
 7.25315679e+00 9.60725990e+00 1.85746444e+00 1.68384390e-01
 7.81275219e-01 4.85387227e-02 4.74333544e+00 1.20904736e+01
 1.83348957e+00 1.41589189e-01 7.90346869e-01 5.08951896e-01
 7.17229773e-01 2.15719205e+00 2.27482062e-01 2.58453265e-02
 9.13819413e-04 8.26981506e+02 5.63679818e+01 7.95484997e-04
 1.16169352e+02 2.11501112e+01 3.78423351e+00 7.70869371e+00
 3.94954225e+00 5.59868985e+00]
2024-07-17 13:06:22,589 - pyswarms.single.global_best - INFO - Optimize for 2000 iters with {'c1': 2, 'c2': 2, 'w': 0.9}
2024-07-17 13:06:28,970 - pyswarms.single.global_best - INFO - Optimization finished | best cost: 71.67173901357782, best pos: [3.64388646e-01 3.38835478e-01 3.65344947e+00 1.28567683e+01
 5.87172256e+00 5.48193788e-02 2.74308010e-01 7.87285206e-01
 4.75723592e+00 9.40850357e+00 2.22755887e+00 7.37514696e-01
 1.38262299e-01 1.08575107e-01 7.55587467e+00 5.87463374e+00
 1.45989413e+00 8.29135031e-01 2.07841796e-01 7.42317860e-01
 8.77594832e+00 1.55958835e+01 9.69703376e-01 7.48173303e-01
 1.35090293e-03 2.05881061e+03 2.26700607e+01 1.43718241e-03
 1.32607255e+02 1.82217444e+02 3.59840097e+00 5.91802909e+00
 1.70411088e+00 6.93907289e+00]
2024-07-17 13:06:39,470 - pyswarms.single.global_best - INFO - Optimize for 2000 iters with {'c1': 2, 'c2': 2, 'w': 0.9}
2024-07-17 13:06:48,450 - pyswarms.single.global_best - INFO - Optimization finished | best cost: 116.80502766261472, best pos: [2.03707454e-01 4.79105381e-01 4.02087521e+00 8.56140493e+00
 5.81768930e+00 8.98984823e-01 3.34728172e-01 6.89988655e-01
 1.54464206e+00 1.30017981e+01 4.02829968e+00 1.76622304e+00
 2.73748912e-01 3.83539060e-02 7.25670134e+00 1.48838789e+01
 1.00628644e+00 8.91461094e-01 7.97625809e-01 5.79614314e-01
 1.96062316e+00 1.03325332e+01 6.42663547e-01 6.14322010e-01
 1.92738262e-03 1.17895868e+03 3.04961506e+02 1.81049859e-03
 1.28113626e+02 4.12729685e+01 3.51829541e+00 4.00609870e+00
 3.56523245e+00 3.41994894e+00]
2024-07-17 13:07:44,903 - pyswarms.single.global_best - INFO - Optimize for 2000 iters with {'c1': 0.5, 'c2': 0.5, 'w': 0.9}
2024-07-17 13:07:50,373 - pyswarms.single.global_best - INFO - Optimization finished | best cost: 121.4121706624518, best pos: [1.11362781e-01 2.09315815e-01 4.33159713e+00 4.52835795e+00
 7.76403647e+00 1.50362464e+00 3.91894146e-01 6.47627231e-01
 5.00423886e+00 6.73496165e+00 1.36617410e+00 5.04347496e-02
 2.31706131e-01 3.13891881e-01 2.20179190e+00 6.71005421e+00
 1.92155849e+00 4.56257784e-01 7.37146705e-01 5.56510073e-01
 6.50040157e-01 1.78202339e+01 1.40105912e+00 5.32437597e-01
 5.12500961e-04 2.64614517e+02 2.51493745e+02 1.21959115e-03
 1.11386998e+02 3.35918461e+01 2.12628929e+00 4.37832800e+00
 2.13576302e+00 2.31915850e+00]
2024-07-17 13:09:01,757 - pyswarms.single.global_best - INFO - Optimize for 2000 iters with {'c1': 0.5, 'c2': 0.5, 'w': 0.9}
2024-07-17 13:09:07,930 - pyswarms.single.global_best - INFO - Optimization finished | best cost: 148.14422759075012, best pos: [3.08320223e-01 6.45129616e-01 6.38510213e+00 8.12413274e+00
 5.51364093e+00 2.46440412e+00 1.18848711e-01 1.42376090e-01
 6.09563773e+00 4.63424613e+00 1.15612455e+00 3.45334868e-01
 3.27412928e-01 6.96241235e-01 8.53475115e+00 1.37688147e+01
 1.56779179e+00 5.91934167e-02 6.51650162e-01 6.83102904e-01
 2.98489951e+00 5.21750613e+00 1.04449176e+00 4.25816259e-01
 9.33688329e-04 9.38002537e+02 3.52948085e+02 1.07702012e-03
 8.47232188e+01 3.40938435e+01 2.70069414e+00 4.93446506e+00
 1.70153265e+00 5.63575477e+00]
2024-07-17 13:09:34,106 - pyswarms.single.global_best - INFO - Optimize for 2000 iters with {'c1': 0.5, 'c2': 0.5, 'w': 0.9}
2024-07-17 13:09:45,398 - pyswarms.single.global_best - INFO - Optimization finished | best cost: 98.91658378611857, best pos: [5.08232058e-01 2.43206781e-01 5.54145703e+00 6.82785177e+00
 9.21607246e+00 2.40471138e+00 6.29194228e-01 3.24789583e-01
 7.99657151e+00 9.11918576e+00 3.51822235e+00 1.88380360e+00
 2.12768606e-01 2.24909598e-01 5.03349368e+00 1.89197697e+01
 1.59361508e+00 2.93316404e-02 1.33394224e-01 3.52496072e-01
 2.57627942e+00 8.20198417e+00 1.57556809e+00 5.37341831e-01
 1.19343832e-03 9.61077283e+02 3.89122716e+02 1.01902107e-03
 1.73604442e+02 1.62475776e+02 2.66899401e+00 2.61423866e+00
 2.29349721e+00 4.75117426e+00]
2024-07-17 13:20:57,809 - pyswarms.single.global_best - INFO - Optimize for 2000 iters with {'c1': 0.5, 'c2': 0.5, 'w': 0.9}
2024-07-17 13:21:06,399 - pyswarms.single.global_best - INFO - Optimization finished | best cost: 116.45110708774615, best pos: [7.36065509e-01 5.91774466e-01 8.84224376e+00 1.04578886e+01
 3.43438896e+00 5.82575337e-02 7.26648226e-01 6.49797588e-01
 7.93384514e+00 1.00526502e+01 2.66220542e+00 4.83054173e-01
 7.80374373e-01 5.39644910e-01 8.18295831e+00 1.00340264e+01
 1.04728024e+00 2.61764600e-01 5.61271740e-01 7.97833498e-01
 5.78158642e+00 1.29280876e+01 1.65352357e+00 4.87881282e-01
 1.30159836e-03 4.79112095e+03 8.38037056e+01 1.53734538e-03
 1.34568565e+02 8.10402373e+01 2.21092708e+00 3.58753075e+00
 1.82231503e+00 5.66495218e+00]
2024-07-17 13:21:21,395 - pyswarms.single.global_best - INFO - Optimize for 2000 iters with {'c1': 0.2, 'c2': 0.3, 'w': 0.9}
2024-07-17 13:21:30,998 - pyswarms.single.global_best - INFO - Optimization finished | best cost: 139.1739265502782, best pos: [4.80615012e-01 4.82018002e-01 1.79182331e+00 7.12237795e+00
 5.95336651e+00 4.49610602e-01 2.87165793e-01 5.72435489e-01
 6.00514165e+00 8.87347589e+00 4.50924834e+00 1.25107993e+00
 4.33188062e-01 9.32625038e-02 9.10893331e+00 1.32773864e+01
 1.46618603e+00 9.84180042e-01 3.97644512e-01 6.32336897e-01
 6.87702340e+00 5.06957897e+00 1.34110170e+00 4.45146320e-01
 1.29994498e-03 3.25793497e+03 3.68335810e+02 1.06804582e-03
 1.57162060e+02 7.35969768e+01 2.05532100e+00 6.43615108e+00
 1.59825012e+00 4.27336107e+00]
2024-07-17 13:21:37,342 - pyswarms.single.global_best - INFO - Optimize for 2000 iters with {'c1': 0.1, 'c2': 0.1, 'w': 0.9}
2024-07-17 13:21:44,522 - pyswarms.single.global_best - INFO - Optimization finished | best cost: 82.00561379764754, best pos: [3.54002737e-01 7.18238903e-01 4.26468522e+00 1.31352642e+01
 6.16790695e+00 2.90537371e-01 5.75839909e-01 7.76391183e-01
 6.03006758e+00 1.41269286e+01 1.82834462e+00 7.21389616e-01
 2.93459686e-01 1.19264353e-01 7.27718470e+00 1.54548166e+01
 4.84032206e-01 6.60852666e-02 5.51904853e-01 2.39752393e-01
 2.88270731e+00 1.52387649e+01 4.12047141e-01 3.86078542e-01
 5.26050072e-04 7.56144321e+02 1.94555443e+02 1.02753473e-03
 9.42661306e+01 2.31301237e+01 2.73950745e+00 3.48543166e+00
 2.28810081e+00 4.17576473e+00]
2024-07-17 13:27:51,146 - pyswarms.single.global_best - INFO - Optimize for 2000 iters with {'c1': 0.1, 'c2': 0.1, 'w': 0.9}
2024-07-17 13:27:57,484 - pyswarms.single.global_best - INFO - Optimization finished | best cost: 138.4536616238533, best pos: [2.15411825e-01 7.58721537e-01 8.31441209e+00 1.61555863e+01
 1.76186153e+00 6.74896200e-01 3.77660922e-01 5.94347532e-01
 1.41127349e+00 8.90937957e+00 1.35742898e+00 2.74422256e-01
 2.01310199e-01 5.45372527e-01 2.01395804e+00 1.33217212e+01
 1.38216452e+00 9.74300640e-02 1.20601869e-01 6.50741487e-01
 9.02192188e+00 9.92572887e+00 1.39736922e+00 5.83986795e-01
 1.84212312e-03 3.62501021e+03 4.12890259e+02 6.99853041e-04
 1.90151495e+02 1.91038327e+02 3.08309891e+00 4.57506220e+00
 2.01931178e+00 4.86686184e+00]
2024-07-17 13:28:05,795 - pyswarms.single.global_best - INFO - Optimize for 2000 iters with {'c1': 0.2, 'c2': 0.2, 'w': 0.9}
2024-07-17 13:28:19,495 - pyswarms.single.global_best - INFO - Optimization finished | best cost: 132.01589843802057, best pos: [1.16985103e-01 3.70847968e-01 5.34804507e+00 1.16623587e+01
 9.86668904e+00 1.87808412e+00 6.35463251e-01 6.77655138e-01
 6.67530378e+00 1.30873417e+01 2.81350336e+00 9.99991350e-01
 1.38813018e-01 7.02412690e-01 7.84111484e+00 6.60340717e+00
 1.00141102e+00 8.07586799e-01 3.54372190e-01 6.69858320e-01
 6.83684697e+00 6.45136397e+00 1.32685848e+00 4.97255901e-02
 1.74581521e-03 5.32328358e+03 1.90716845e+02 1.95553357e-03
 1.60882216e+02 1.83163361e+02 1.07656657e+00 7.42699537e+00
 1.22722487e+00 3.99794269e+00]
2024-07-17 13:28:24,227 - pyswarms.single.global_best - INFO - Optimize for 2000 iters with {'c1': 0.2, 'c2': 0.3, 'w': 0.9}
2024-07-17 13:28:32,357 - pyswarms.single.global_best - INFO - Optimization finished | best cost: 139.22333838491468, best pos: [6.45102358e-01 6.80509412e-01 7.34194437e+00 7.86066149e+00
 5.77810800e+00 1.20647287e+00 2.70179149e-01 4.22175624e-01
 8.61848577e+00 1.65417324e+01 2.50762431e+00 1.47951793e+00
 4.09826468e-01 1.89140722e-01 6.39256962e+00 9.53265321e+00
 8.03288355e-01 3.06024632e-01 6.64739944e-01 7.27035795e-01
 9.63989099e+00 1.69914030e+01 9.81918275e-01 7.46146932e-02
 1.22817026e-03 3.98755161e+03 1.60371636e+02 1.38561029e-03
 7.63152866e+01 1.16963202e+02 2.30901565e+00 4.21149701e+00
 1.56008007e+00 7.02070208e+00]
2024-07-17 13:28:35,931 - pyswarms.single.global_best - INFO - Optimize for 2000 iters with {'c1': 0.2, 'c2': 0.5, 'w': 0.9}
2024-07-17 13:28:44,952 - pyswarms.single.global_best - INFO - Optimization finished | best cost: 97.79140937176066, best pos: [1.42454156e-01 4.62284704e-01 3.87625213e+00 6.93367223e+00
 7.02549541e+00 7.26944666e-01 3.22870160e-01 6.85067380e-01
 4.63249596e+00 3.45236554e+00 4.34721240e+00 9.21666956e-01
 7.28940698e-01 2.47928761e-01 9.78588236e+00 1.67914580e+01
 1.67535311e+00 4.09551355e-01 2.91539897e-01 1.86789326e-01
 2.73359865e+00 7.67454116e+00 9.25556915e-01 8.30145580e-01
 1.34422098e-03 1.88908973e+03 1.03408489e+02 7.32987904e-04
 1.24831704e+02 1.08624059e+02 2.33680763e+00 4.76526444e+00
 3.22307745e+00 3.78751180e+00]
2024-07-17 13:28:54,431 - pyswarms.single.global_best - INFO - Optimize for 2000 iters with {'c1': 0.2, 'c2': 0.5, 'w': 0.8}
2024-07-17 13:28:59,900 - pyswarms.single.global_best - INFO - Optimization finished | best cost: 111.99339405608853, best pos: [4.39585657e-01 1.20891091e-01 5.54239941e-01 1.13473547e+01
 3.48959792e+00 4.29151311e-01 1.79906812e-01 3.14363011e-01
 8.79706305e+00 1.96492153e+01 4.36618671e+00 1.76996662e+00
 5.15880027e-02 5.32098953e-01 9.48920036e+00 1.41733172e+01
 1.77201471e+00 2.33569281e-01 1.55702568e-02 4.02387871e-02
 8.02733414e+00 8.59266092e+00 5.26531961e-01 1.89423571e-01
 1.88845622e-03 4.58441252e+03 1.69025533e+02 1.32831261e-03
 1.96009407e+02 1.94583472e+02 1.23014692e+00 2.49701165e+00
 1.17630480e+00 5.77503667e+00]
2024-07-17 13:29:52,061 - pyswarms.single.global_best - INFO - Optimize for 2000 iters with {'c1': 0.2, 'c2': 0.5, 'w': 0.8}
2024-07-17 13:30:04,738 - pyswarms.single.global_best - INFO - Optimization finished | best cost: 97.7792073599932, best pos: [5.45367152e-01 2.57591736e-01 7.13120992e+00 6.35908849e+00
 5.86533044e+00 2.32921834e-01 3.10986355e-01 2.38315507e-01
 2.92987932e+00 7.75901657e+00 2.28408518e+00 1.28518866e+00
 1.52397910e-01 3.43481762e-01 7.36715645e+00 1.46791521e+01
 1.30128524e+00 1.16985871e-01 4.99615150e-01 6.63759857e-01
 4.24427077e+00 6.63132042e+00 1.78230201e+00 6.51357798e-01
 7.84502735e-04 9.18144411e+02 2.11609219e+02 1.66715630e-03
 1.59441719e+02 7.29077336e+01 2.47551633e+00 5.57146370e+00
 2.29553740e+00 5.65188569e+00]
2024-07-17 13:30:10,050 - pyswarms.single.global_best - INFO - Optimize for 2000 iters with {'c1': 0.2, 'c2': 0.4, 'w': 0.8}
2024-07-17 13:30:15,239 - pyswarms.single.global_best - INFO - Optimization finished | best cost: 118.39856824055474, best pos: [8.32280402e-02 2.68737103e-01 4.32393523e+00 1.49757966e+01
 8.76445756e+00 2.64887782e+00 1.99613930e-01 3.31103091e-01
 2.40565532e+00 7.25640075e+00 4.66792586e+00 6.11927111e-01
 9.06848844e-02 6.50874186e-01 4.62635633e+00 8.08790358e+00
 1.56668855e+00 2.70369114e-02 2.39460107e-01 7.54602222e-02
 1.44546368e+00 1.16326498e+00 6.52578662e-01 1.92412522e-01
 1.25758171e-03 3.26364224e+03 1.86748743e+02 1.45853460e-03
 8.44651687e+01 1.99236318e+02 2.05248083e+00 6.41287145e+00
 2.23602219e+00 7.65457066e+00]
2024-07-17 13:30:18,330 - pyswarms.single.global_best - INFO - Optimize for 2000 iters with {'c1': 0.2, 'c2': 0.4, 'w': 0.8}
2024-07-17 13:30:27,165 - pyswarms.single.global_best - INFO - Optimization finished | best cost: 125.17449342014525, best pos: [4.43318578e-01 6.14608078e-01 8.41118978e+00 8.37463460e+00
 3.37821022e+00 3.38882994e-01 5.04845603e-01 5.35016980e-01
 5.49338289e+00 1.46634825e+01 3.21513445e+00 2.41135255e-01
 7.98231309e-01 4.74086691e-01 3.80102030e+00 6.23434226e+00
 6.62743206e-01 2.24261096e-01 1.87212117e-01 7.60191277e-01
 5.82696265e-01 1.52106350e+01 1.04941896e+00 9.04787895e-01
 1.11643778e-03 2.70174501e+03 4.25107221e+02 7.44892306e-04
 1.40979637e+02 1.71626836e+02 3.04418232e+00 5.02745615e+00
 2.03101638e+00 7.38377504e+00]
2024-07-17 13:30:29,702 - pyswarms.single.global_best - INFO - Optimize for 2000 iters with {'c1': 0.2, 'c2': 0.4, 'w': 0.8}
2024-07-17 13:30:42,488 - pyswarms.single.global_best - INFO - Optimization finished | best cost: 139.6019771760138, best pos: [1.67051853e-01 5.89481551e-01 6.91150752e+00 9.01535858e+00
 8.39289247e+00 4.35792912e+00 8.30555667e-02 4.27718400e-01
 6.87716944e+00 1.31202623e+01 3.77583868e+00 6.22299108e-01
 2.32692219e-01 4.97477824e-01 6.27896369e+00 8.30616323e+00
 1.94166039e+00 1.06060833e-01 4.44774578e-01 2.12557333e-01
 2.26449804e+00 8.63717361e+00 1.96536517e+00 1.68399143e-01
 1.70971763e-03 3.07927063e+03 1.32240341e+02 1.64816670e-03
 1.49154638e+02 1.80962406e+02 3.61621572e+00 5.23126231e+00
 2.19575434e+00 7.31506537e+00]
2024-07-17 13:30:56,058 - pyswarms.single.global_best - INFO - Optimize for 2000 iters with {'c1': 0.2, 'c2': 0.4, 'w': 0.8}
2024-07-17 13:31:02,347 - pyswarms.single.global_best - INFO - Optimization finished | best cost: 112.83680893123643, best pos: [6.27306618e-01 1.54000988e-01 3.24660772e+00 1.74664560e+01
 6.00567858e+00 2.65631042e+00 3.85906488e-01 3.67323278e-01
 4.49239049e+00 1.81504384e+01 2.08249491e+00 4.93573314e-01
 2.25267761e-02 2.00351328e-01 4.93923818e+00 1.88481929e+01
 1.09773561e+00 1.51835955e-01 1.65504449e-01 5.32201747e-01
 4.34572292e+00 1.88907955e+01 1.27139448e+00 6.52452274e-01
 1.98149646e-03 4.42179336e+02 2.59403264e+02 7.56805691e-04
 5.45197008e+01 8.09185068e+01 3.02793230e+00 3.86236432e+00
 3.89186721e+00 7.40956068e+00]
2024-07-17 13:31:15,864 - pyswarms.single.global_best - INFO - Optimize for 2000 iters with {'c1': 0.2, 'c2': 0.4, 'w': 0.8}
2024-07-17 13:31:26,450 - pyswarms.single.global_best - INFO - Optimization finished | best cost: 94.41042315283364, best pos: [4.27222482e-01 2.81009958e-01 5.88872158e+00 1.50225406e+01
 7.68914857e+00 5.92449339e-01 2.72791191e-01 2.91873394e-01
 9.82424737e+00 1.08674316e+01 1.73623448e+00 2.53438922e-01
 1.01518258e-02 2.59345875e-01 5.92510512e+00 9.00682087e+00
 1.04525088e+00 1.06903097e-01 2.43471388e-01 4.17775782e-01
 1.84723051e+00 1.93348387e+01 5.29284688e-01 6.17214171e-02
 1.20296187e-03 3.37709313e+03 3.51548766e+01 1.71405710e-03
 1.90063776e+02 1.95588854e+02 2.36470507e+00 3.34472467e+00
 2.13065638e+00 5.12246027e+00]
2024-07-17 13:47:44,609 - pyswarms.single.global_best - INFO - Optimize for 2000 iters with {'c1': 0.2, 'c2': 0.4, 'w': 0.8}
2024-07-17 13:47:58,907 - pyswarms.single.global_best - INFO - Optimization finished | best cost: 123.66341480270665, best pos: [8.04577395e-02 2.58229466e-01 6.97456511e+00 1.74307379e+01
 8.65524416e+00 1.07369582e+00 5.06737816e-01 1.76833827e-01
 8.39673342e+00 9.00438745e+00 3.92365874e+00 2.49461504e-01
 8.78569833e-02 6.50544328e-01 6.47316040e+00 6.16358632e+00
 1.29264596e+00 1.64992993e-01 2.70728234e-02 3.67010873e-02
 7.09289776e+00 8.49580781e+00 8.93770952e-01 8.19052267e-01
 1.28228331e-03 4.12385213e+03 3.16537833e+02 7.69574191e-04
 1.23958605e+02 1.87292598e+02 3.07490261e+00 3.58067708e+00
 2.49054663e+00 6.80744436e+00]
2024-07-17 13:48:54,529 - pyswarms.single.global_best - INFO - Optimize for 2000 iters with {'c1': 0.2, 'c2': 0.4, 'w': 0.8}
2024-07-17 13:49:03,361 - pyswarms.single.global_best - INFO - Optimize for 2000 iters with {'c1': 0.2, 'c2': 0.4, 'w': 0.8}
2024-07-17 13:49:17,570 - pyswarms.single.global_best - INFO - Optimization finished | best cost: 99.52432193587876, best pos: [4.98804209e-01 2.44304765e-01 4.58722516e+00 1.13084664e+01
 3.26451797e+00 9.60093275e-01 7.45506070e-01 5.85532860e-01
 7.72439589e+00 5.30473547e+00 2.16439244e+00 5.04391237e-01
 6.76639176e-02 1.44119088e-01 6.09821469e+00 8.07290502e+00
 1.59032094e+00 2.18987434e-01 6.93696769e-01 3.77901638e-01
 3.50893054e+00 6.78490631e+00 1.31407880e+00 8.50380496e-01
 1.41640597e-03 1.04156378e+03 1.87990739e+02 1.77423515e-03
 1.07233592e+02 1.28197206e+02 3.71241997e+00 3.14417151e+00
 3.44995824e+00 4.99557834e+00]
2024-07-17 13:50:51,567 - pyswarms.single.global_best - INFO - Optimize for 2000 iters with {'c1': 0.2, 'c2': 0.4, 'w': 0.8}
2024-07-17 13:50:58,317 - pyswarms.single.global_best - INFO - Optimize for 2000 iters with {'c1': 0.2, 'c2': 0.4, 'w': 0.8}
2024-07-17 13:51:05,764 - pyswarms.single.global_best - INFO - Optimization finished | best cost: 200.0, best pos: [1.46046336e-01 7.99666511e-01 4.82975962e+00 5.18248870e+00
 1.61154583e+00 4.38562063e+00 6.62788206e-01 4.57329626e-01
 5.32920845e+00 3.01335864e+00 1.54234010e+00 1.09804056e+00
 1.04182902e-01 6.90275337e-01 2.37020073e+00 5.49793913e+00
 1.97155926e+00 3.74700912e-01 5.53269101e-02 5.67328703e-01
 5.59699257e+00 8.70272764e+00 8.26463753e-01 6.41830027e-01
 8.44046531e-04 5.00421304e+03 6.37883960e+01 1.69832479e-03
 7.44674555e+01 3.36449820e+01 3.56825668e+00 2.71746796e+00
 2.49134087e+00 3.04419439e+00]
2024-07-17 13:51:13,509 - pyswarms.single.global_best - INFO - Optimize for 2000 iters with {'c1': 0.2, 'c2': 0.4, 'w': 0.8}
2024-07-17 13:51:22,713 - pyswarms.single.global_best - INFO - Optimization finished | best cost: 200.0, best pos: [2.98001458e-01 4.76739342e-01 4.85587973e+00 1.47794292e+01
 5.31611956e+00 9.30897734e+00 1.92815330e-01 3.18690439e-01
 5.72313206e+00 1.25716010e+00 2.26234905e-01 1.59628088e+00
 7.28643024e-01 2.21110185e-01 1.02879931e+00 1.87915985e+01
 1.71081064e+00 4.16799037e-01 1.56867133e-01 6.12853133e-01
 1.22144171e+00 7.93221723e+00 1.09148786e-01 4.36810338e-01
 1.31014785e-03 1.81019280e+03 4.04908876e+02 1.99450179e-03
 1.41042065e+02 1.36406888e+02 3.73507921e+00 3.29769945e+00
 3.86113326e+00 3.81601224e+00]
2024-07-17 13:51:26,851 - pyswarms.single.global_best - INFO - Optimize for 2000 iters with {'c1': 0.2, 'c2': 0.4, 'w': 0.8}
2024-07-17 13:51:36,550 - pyswarms.single.global_best - INFO - Optimization finished | best cost: 200.0, best pos: [4.44156756e-01 7.75944528e-01 8.71995042e+00 9.52826096e+00
 8.45838268e+00 8.83586072e+00 7.25933898e-01 6.60618054e-01
 2.15074643e+00 1.54608440e+01 1.10101438e+00 1.21660558e+00
 5.42528594e-01 5.93822434e-01 7.35414774e+00 5.53219744e+00
 2.68294453e-01 8.67296583e-01 2.90710019e-01 4.08804555e-01
 5.46830005e+00 5.42497090e+00 9.60798719e-01 4.49114555e-01
 5.73354695e-04 3.51449516e+03 6.65840511e+01 5.80466032e-04
 1.82351572e+02 1.46564977e+02 1.09679636e+00 4.26563016e+00
 3.45543891e+00 5.18862350e+00]
2024-07-17 13:55:02,391 - pyswarms.single.global_best - INFO - Optimize for 2000 iters with {'c1': 0.2, 'c2': 0.4, 'w': 0.8}
2024-07-17 13:55:14,133 - pyswarms.single.global_best - INFO - Optimization finished | best cost: 200.0, best pos: [6.45071631e-01 1.56282567e-01 6.79231786e+00 1.70834775e+01
 7.59419511e+00 7.81254549e+00 6.70713449e-01 4.44883844e-01
 7.90455088e+00 6.53441479e+00 2.50360052e+00 8.60240542e-01
 4.28160467e-01 6.78650612e-01 4.58434740e+00 1.45077704e+01
 8.73861721e-01 8.37074420e-01 2.41965709e-01 3.32499012e-01
 8.02139266e+00 1.94719980e+01 1.60475172e-01 2.94741284e-01
 1.67557686e-03 6.06946299e+02 2.07190542e+01 1.80251543e-03
 1.51471058e+02 1.09790373e+02 3.86744987e+00 2.42205192e+00
 3.66070498e+00 2.95436361e+00]
2024-07-17 14:01:49,645 - pyswarms.single.global_best - INFO - Optimize for 2000 iters with {'c1': 0.2, 'c2': 0.4, 'w': 0.8}
2024-07-17 14:01:56,020 - pyswarms.single.global_best - INFO - Optimize for 2000 iters with {'c1': 0.2, 'c2': 0.4, 'w': 0.8}
2024-07-17 14:02:05,695 - pyswarms.single.global_best - INFO - Optimization finished | best cost: 28.95507426514223, best pos: [2.17788873e-01 6.82169042e-01 1.40572656e+00 8.03845841e+00
 8.42397937e+00 4.49396168e-02 3.83664039e-01 5.13433627e-01
 3.39530782e+00 1.60909137e+01 3.36960206e+00 1.82744897e+00
 1.74926698e-01 3.88308746e-01 4.50999915e+00 8.16249714e+00
 6.22334323e-01 4.18665879e-01 7.07684966e-01 4.90091769e-01
 9.93211013e+00 9.75296504e+00 7.83831802e-01 1.25793594e-01
 1.78969407e-03 1.96382133e+03 3.16140261e+02 1.30503751e-03
 1.98174051e+02 1.13815810e+02 1.83356838e+00 3.20341254e+00
 1.06261158e+00 2.76807578e+00]
2024-07-17 14:04:37,320 - pyswarms.single.global_best - INFO - Optimize for 2000 iters with {'c1': 0.2, 'c2': 0.4, 'w': 0.8}
2024-07-17 14:04:47,217 - pyswarms.single.global_best - INFO - Optimization finished | best cost: 19.75736627266445, best pos: [3.52210346e-01 2.43206574e-01 1.70085807e+00 8.73738353e+00
 7.69709943e+00 5.02833688e-01 7.38257979e-01 4.66374755e-01
 7.32252160e+00 4.92543683e+00 2.49229615e+00 1.94944927e+00
 6.60153066e-01 3.68979506e-01 7.91540283e+00 1.83009673e+01
 1.70335024e+00 3.60189464e-01 4.41572552e-01 5.82987879e-01
 6.33826663e+00 9.56661481e+00 1.22873284e+00 4.14011937e-01
 1.52412696e-03 4.54492416e+03 1.18113017e+02 1.00497649e-03
 1.77669164e+02 1.77511394e+02 3.89503374e+00 3.46792714e+00
 1.29696765e+00 7.12909887e+00]
2024-07-17 14:14:20,836 - pyswarms.single.global_best - INFO - Optimize for 2000 iters with {'c1': 0.2, 'c2': 0.4, 'w': 0.8}
2024-07-17 14:14:30,374 - pyswarms.single.global_best - INFO - Optimization finished | best cost: 23.375811903426047, best pos: [9.77018859e-02 3.82383741e-01 6.36504093e+00 1.10064316e+01
 4.59408150e+00 4.56249085e-01 1.85786227e-01 2.40067931e-01
 5.84993499e+00 1.35248463e+01 3.64739122e+00 9.59414457e-01
 6.41740339e-01 3.47682999e-01 7.73599688e+00 1.02480901e+01
 1.54640220e+00 1.61832150e-01 4.38783976e-01 7.50869174e-01
 6.23373679e+00 1.21816798e+00 1.36286900e+00 8.82280433e-02
 8.86821177e-04 2.27471907e+03 2.70567446e+02 1.08407819e-03
 1.03877847e+02 1.95444918e+02 3.93012154e+00 7.40493208e+00
 2.65387780e+00 4.05500504e+00]
2024-07-17 14:15:20,288 - pyswarms.single.global_best - INFO - Optimize for 2000 iters with {'c1': 0.2, 'c2': 0.4, 'w': 0.8}
2024-07-17 14:15:30,452 - pyswarms.single.global_best - INFO - Optimization finished | best cost: 42.90396085583647, best pos: [3.32556622e-01 6.53719157e-01 3.86843182e+00 8.37742907e+00
 5.57994608e+00 6.82698292e-01 1.59850146e-01 2.68608852e-01
 4.79242003e+00 9.84615106e+00 3.01407330e+00 9.33562029e-01
 6.45446640e-01 1.73161702e-01 7.07251788e+00 1.70526641e+01
 1.39314362e+00 7.36138809e-01 1.24417765e-01 7.88352851e-01
 4.85030106e+00 1.75576258e+01 1.20038572e-01 6.05687506e-02
 8.18207910e-04 2.81285047e+03 2.31706963e+02 1.85622887e-03
 1.12602811e+02 1.00864598e+02 3.10896553e+00 5.63106912e+00
 3.81865847e+00 6.96584116e+00]
2024-07-17 14:15:37,824 - pyswarms.single.global_best - INFO - Optimize for 2000 iters with {'c1': 0.2, 'c2': 0.4, 'w': 0.8}
2024-07-17 14:15:52,951 - pyswarms.single.global_best - INFO - Optimization finished | best cost: 32.631973582541384, best pos: [3.75453849e-01 2.10237626e-01 4.06336442e+00 8.44023208e+00
 6.92552041e+00 7.03680572e-01 1.85421857e-01 3.26835253e-01
 3.06224412e+00 1.76066062e+01 3.67829388e+00 2.00800709e-01
 1.32009180e-02 4.03940511e-01 4.08467232e+00 7.43954110e+00
 8.87016838e-01 7.46155808e-02 6.16891767e-01 6.06522481e-01
 9.44061261e+00 1.44376260e+01 1.58406213e+00 4.14919665e-01
 1.25655632e-03 3.16545164e+03 4.21292512e+02 1.91406080e-03
 1.18319565e+02 1.86660666e+02 1.68500271e+00 5.11368098e+00
 2.20092230e+00 4.58236049e+00]
2024-07-17 14:15:58,450 - pyswarms.single.global_best - INFO - Optimize for 2000 iters with {'c1': 0.2, 'c2': 0.4, 'w': 0.8}
2024-07-17 14:16:12,664 - pyswarms.single.global_best - INFO - Optimization finished | best cost: 25.073878234878762, best pos: [9.24887957e-02 1.81246451e-01 1.29623374e+00 1.92222887e+01
 8.80620274e+00 1.92708801e+00 4.91732268e-01 2.46640871e-01
 3.86256500e+00 4.07252824e+00 1.76927030e+00 1.59348618e+00
 3.61174051e-01 2.62500033e-01 8.24969454e+00 6.89259014e+00
 6.51617811e-01 6.05666387e-02 2.97942532e-01 4.52370168e-01
 8.20336799e+00 7.15903806e+00 1.91796703e+00 7.56055993e-01
 9.63391731e-04 4.82363296e+03 7.49779547e+01 1.14316096e-03
 1.72496867e+02 1.24922754e+02 3.61082967e+00 7.97326735e+00
 2.42106991e+00 6.96512542e+00]
2024-07-17 14:16:21,431 - pyswarms.single.global_best - INFO - Optimize for 2000 iters with {'c1': 0.2, 'c2': 0.4, 'w': 0.8}
2024-07-17 14:17:10,094 - pyswarms.single.global_best - INFO - Optimization finished | best cost: 16.191931416281403, best pos: [2.28314307e-01 2.51183759e-01 1.76846534e+00 1.61292093e+01
 3.92370245e+00 1.37740016e+00 1.97428863e-01 2.26221239e-01
 7.10478778e+00 1.95558552e+01 1.62467611e+00 1.08296904e+00
 8.49730646e-02 6.70982825e-02 7.04171107e+00 6.55513337e+00
 1.75882216e+00 1.53470535e-02 3.80455701e-02 7.42983876e-02
 2.18092396e+00 1.93509238e+01 1.17128102e+00 2.69648121e-01
 1.91397263e-03 4.73730240e+03 2.10879528e+02 1.84521234e-03
 1.31861203e+02 5.17225878e+01 1.52272693e+00 3.95001476e+00
 2.34653423e+00 4.82061622e+00]
2024-07-17 14:19:33,645 - pyswarms.single.global_best - INFO - Optimize for 2000 iters with {'c1': 0.5, 'c2': 0.3, 'w': 0.8}
2024-07-17 14:19:41,450 - pyswarms.single.global_best - INFO - Optimize for 2000 iters with {'c1': 0.5, 'c2': 0.3, 'w': 0.8}
2024-07-17 14:20:11,343 - pyswarms.single.global_best - INFO - Optimization finished | best cost: 25.129654063068593, best pos: [3.07595529e-01 3.57198189e-01 6.29857958e-01 8.46774567e+00
 2.37459518e+00 3.52608734e-01 7.30845336e-01 4.08930966e-01
 4.50409481e+00 8.89803629e+00 3.19075617e+00 1.64322799e+00
 7.54466656e-01 1.21074645e-01 9.71366158e+00 8.28320617e+00
 1.26507152e+00 1.43337803e-01 4.88399152e-01 2.51493723e-01
 8.32324785e+00 1.42988307e+01 1.34289859e+00 4.56282869e-01
 7.46020308e-04 3.16411824e+03 1.15114579e+02 6.46694643e-04
 6.02247648e+01 8.52777586e+01 3.22629988e+00 7.17431190e+00
 1.31899715e+00 3.07213777e+00]
2024-07-17 14:22:21,971 - pyswarms.single.global_best - INFO - Optimize for 2000 iters with {'c1': 0.5, 'c2': 0.3, 'w': 0.8}
2024-07-17 14:22:50,481 - pyswarms.single.global_best - INFO - Optimization finished | best cost: 30.805111236212884, best pos: [5.75826543e-01 1.12428847e-01 1.03364862e+00 1.08038621e+01
 7.06883716e+00 2.65163031e-01 4.44341977e-01 4.19599437e-01
 5.36744115e+00 8.24353625e+00 3.66390509e+00 5.85888642e-02
 6.65113479e-01 2.76933479e-01 8.37530572e+00 2.61175141e+00
 1.22351881e+00 3.00295839e-01 7.83043490e-01 3.20858820e-01
 3.40800208e+00 1.13448437e+01 8.75428116e-01 3.23651208e-01
 9.88494043e-04 1.95688416e+03 3.53792694e+02 1.70944469e-03
 8.41273021e+01 7.00165245e+01 1.86379533e+00 4.43470396e+00
 3.01045772e+00 2.14938752e+00]
